Using pre-set license
Built from '2021.1/staging' branch; Version is '2021.1.15f1 (e767a7370072) revision 15165351'; Using compiler version '192528614'; Build Type 'Release'
OS: 'Windows 7  (6.1.0) 64bit' Language: 'zh' Physical Memory: 8063 MB
BatchMode: 1, IsHumanControllingUs: 0, StartBugReporterOnCrash: 0, Is64bit: 1, IsPro: 0

 COMMAND LINE ARGUMENTS:
E:\Unity\UnityFile\2021.1.15f1\Editor\Unity.exe
-adb2
-batchMode
-noUpm
-name
AssetImportWorker0
-projectPath
E:/Users/Tai/Documents/GitHub/TheGodSeeker/The God Seeker
-logFile
Logs/AssetImportWorker0.log
-srvPort
52479
Successfully changed project path to: E:/Users/Tai/Documents/GitHub/TheGodSeeker/The God Seeker
E:/Users/Tai/Documents/GitHub/TheGodSeeker/The God Seeker
Using Asset Import Pipeline V2.
Refreshing native plugins compatible for Editor in 97.77 ms, found 3 plugins.
Preloading 0 native plugins for Editor in 0.00 ms.
Initialize engine version: 2021.1.15f1 (e767a7370072)
[Subsystems] Discovering subsystems at path E:/Unity/UnityFile/2021.1.15f1/Editor/Data/Resources/UnitySubsystems
[Subsystems] Discovering subsystems at path E:/Users/Tai/Documents/GitHub/TheGodSeeker/The God Seeker/Assets
GfxDevice: creating device client; threaded=0; jobified=0
d3d11: CreateDXGIFactory2(...) not found, fallbacking to CreateDXGIFactory1(...).
d3d11: QueryInterface(IDXGIFactory5) failed (80004002).
Direct3D:
    Version:  Direct3D 11.0 [level 11.0]
    Renderer: Intel(R) HD Graphics 4600 (ID=0x412)
    Vendor:   Intel
    VRAM:     1632 MB
    Driver:   10.18.14.4170
Initialize mono
Mono path[0] = 'E:/Unity/UnityFile/2021.1.15f1/Editor/Data/Managed'
Mono path[1] = 'E:/Unity/UnityFile/2021.1.15f1/Editor/Data/MonoBleedingEdge/lib/mono/unityjit'
Mono config path = 'E:/Unity/UnityFile/2021.1.15f1/Editor/Data/MonoBleedingEdge/etc'
Using monoOptions --debugger-agent=transport=dt_socket,embedding=1,server=y,suspend=n,address=127.0.0.1:56012
Begin MonoManager ReloadAssembly
Registering precompiled unity dll's ...
Register platform support module: E:/Unity/UnityFile/2021.1.15f1/Editor/Data/PlaybackEngines/WebGLSupport/UnityEditor.WebGL.Extensions.dll
Register platform support module: E:/Unity/UnityFile/2021.1.15f1/Editor/Data/PlaybackEngines/WindowsStandaloneSupport/UnityEditor.WindowsStandalone.Extensions.dll
Registered in 0.001123 seconds.
Native extension for WindowsStandalone target not found
Native extension for WebGL target not found
Refreshing native plugins compatible for Editor in 94.94 ms, found 3 plugins.
Preloading 0 native plugins for Editor in 0.00 ms.
Mono: successfully reloaded assembly
- Completed reload, in  1.966 seconds
Domain Reload Profiling:
	ReloadAssembly (1966ms)
		BeginReloadAssembly (69ms)
			ExecutionOrderSort (0ms)
			DisableScriptedObjects (0ms)
			BackupInstance (0ms)
			ReleaseScriptingObjects (0ms)
			CreateAndSetChildDomain (1ms)
		EndReloadAssembly (560ms)
			LoadAssemblies (68ms)
			RebuildTransferFunctionScriptingTraits (0ms)
			SetupTypeCache (207ms)
			ReleaseScriptCaches (0ms)
			RebuildScriptCaches (37ms)
			SetupLoadedEditorAssemblies (266ms)
				LogAssemblyErrors (0ms)
				InitializePlatformSupportModulesInManaged (8ms)
				SetLoadedEditorAssemblies (0ms)
				RefreshPlugins (95ms)
				BeforeProcessingInitializeOnLoad (2ms)
				ProcessInitializeOnLoadAttributes (122ms)
				ProcessInitializeOnLoadMethodAttributes (38ms)
				AfterProcessingInitializeOnLoad (0ms)
				EditorAssembliesLoaded (0ms)
			ExecutionOrderSort2 (0ms)
			AwakeInstancesAfterBackupRestoration (0ms)
Platform modules already initialized, skipping
Registering precompiled user dll's ...
Registered in 0.006962 seconds.
Begin MonoManager ReloadAssembly
Symbol file LoadedFromMemory doesn't match image E:\Users\Tai\Documents\GitHub\TheGodSeeker\The God Seeker\Library\PackageCache\com.unity.visualscripting@1.6.1\Editor\VisualScripting.Core\Dependencies\YamlDotNet\Unity.VisualScripting.YamlDotNet.dll
Symbol file LoadedFromMemory doesn't match image E:\Users\Tai\Documents\GitHub\TheGodSeeker\The God Seeker\Library\PackageCache\com.unity.visualscripting@1.6.1\Editor\VisualScripting.Core\Dependencies\DotNetZip\Unity.VisualScripting.IonicZip.dll
Native extension for WindowsStandalone target not found
Native extension for WebGL target not found
Refreshing native plugins compatible for Editor in 0.80 ms, found 3 plugins.
Preloading 0 native plugins for Editor in 0.00 ms.
Mono: successfully reloaded assembly
- Completed reload, in  1.615 seconds
Domain Reload Profiling:
	ReloadAssembly (1616ms)
		BeginReloadAssembly (208ms)
			ExecutionOrderSort (0ms)
			DisableScriptedObjects (6ms)
			BackupInstance (0ms)
			ReleaseScriptingObjects (0ms)
			CreateAndSetChildDomain (19ms)
		EndReloadAssembly (1346ms)
			LoadAssemblies (134ms)
			RebuildTransferFunctionScriptingTraits (0ms)
			SetupTypeCache (442ms)
			ReleaseScriptCaches (1ms)
			RebuildScriptCaches (60ms)
			SetupLoadedEditorAssemblies (603ms)
				LogAssemblyErrors (0ms)
				InitializePlatformSupportModulesInManaged (6ms)
				SetLoadedEditorAssemblies (0ms)
				RefreshPlugins (1ms)
				BeforeProcessingInitializeOnLoad (78ms)
				ProcessInitializeOnLoadAttributes (512ms)
				ProcessInitializeOnLoadMethodAttributes (5ms)
				AfterProcessingInitializeOnLoad (2ms)
				EditorAssembliesLoaded (0ms)
			ExecutionOrderSort2 (0ms)
			AwakeInstancesAfterBackupRestoration (7ms)
Platform modules already initialized, skipping
========================================================================
Worker process is ready to serve import requests
Launched and connected shader compiler UnityShaderCompiler.exe after 0.03 seconds
Refreshing native plugins compatible for Editor in 0.81 ms, found 3 plugins.
Preloading 0 native plugins for Editor in 0.00 ms.
Unloading 3381 Unused Serialized files (Serialized files now loaded: 0)
System memory in use before: 131.0 MB.
System memory in use after: 131.2 MB.

Unloading 27 unused Assets to reduce memory usage. Loaded Objects now: 3823.
Total: 2.893064 ms (FindLiveObjects: 0.297966 ms CreateObjectMapping: 0.169671 ms MarkObjects: 2.359034 ms  DeleteObjects: 0.065110 ms)

AssetImportParameters requested are different than current active one (requested -> active):
  custom:framework-win-MediaFoundation: 216162199b28c13a410421893ffa2e32 -> 
  custom:video-decoder-ogg-theora: a1e56fd34408186e4bbccfd4996cb3dc -> 
  custom:container-muxer-webm: aa71ff27fc2769a1b78a27578f13a17b -> 
  custom:container-demuxer-webm: 4f35f7cbe854078d1ac9338744f61a02 -> 
  custom:container-demuxer-ogg: 62fdf1f143b41e24485cea50d1cbac27 -> 
  custom:video-encoder-webm-vp8: eb34c28f22e8b96e1ab97ce403110664 -> 
  custom:video-decoder-webm-vp8: 9c59270c3fd7afecdb556c50c9e8de78 -> 
  custom:audio-decoder-ogg-vorbis: bf7c407c2cedff20999df2af8eb42d56 -> 
  custom:audio-encoder-webm-vorbis: bf7c407c2cedff20999df2af8eb42d56 -> 
========================================================================
Received Import Request.
  path: Assets/Scenes/WinCutScene/LightingData.asset
  artifactKey: Guid(7e896dab038bf9348b4159ba1317cd8d) Importer(815301076,1909f56bfc062723c751e8b465ee728b)
Start importing Assets/Scenes/WinCutScene/LightingData.asset using Guid(7e896dab038bf9348b4159ba1317cd8d) Importer(815301076,1909f56bfc062723c751e8b465ee728b)  -> (artifact id: 'aa96dbde198dfa1fe326c6d02b8e364a') in 0.039188 seconds 
========================================================================
Received Import Request.
  Time since last request: 0.008987 seconds.
  path: Assets/UI/logo.png
  artifactKey: Guid(7acc7e4617c8f7742a9e6ecb07377053) Importer(815301076,1909f56bfc062723c751e8b465ee728b)
Start importing Assets/UI/logo.png using Guid(7acc7e4617c8f7742a9e6ecb07377053) Importer(815301076,1909f56bfc062723c751e8b465ee728b)  -> (artifact id: 'e0bdd397730f5a224094b6f25e33ca96') in 0.490051 seconds 
========================================================================
Received Import Request.
  Time since last request: 0.017570 seconds.
  path: Assets/Scenes/Level2/LightingData.asset
  artifactKey: Guid(5719f8889a77640448153d0510157b47) Importer(815301076,1909f56bfc062723c751e8b465ee728b)
Start importing Assets/Scenes/Level2/LightingData.asset using Guid(5719f8889a77640448153d0510157b47) Importer(815301076,1909f56bfc062723c751e8b465ee728b)  -> (artifact id: 'b32fea73474e50f0c62e2215dba26d0c') in 0.003678 seconds 
========================================================================
Received Import Request.
  Time since last request: 0.028331 seconds.
  path: Assets/Scripts/MusicPlayer.cs
  artifactKey: Guid(18d6ca0e19fcf204581f74896df316c3) Importer(815301076,1909f56bfc062723c751e8b465ee728b)
Start importing Assets/Scripts/MusicPlayer.cs using Guid(18d6ca0e19fcf204581f74896df316c3) Importer(815301076,1909f56bfc062723c751e8b465ee728b)  -> (artifact id: '4355b7e66ff6aad04711ad48e4f72649') in 0.018493 seconds 
========================================================================
Received Import Request.
  Time since last request: 0.091274 seconds.
  path: Assets/Envirnoment/tree/Tree04.fbx
  artifactKey: Guid(18578bfa165f2af41b55ed0122fdc9ee) Importer(815301076,1909f56bfc062723c751e8b465ee728b)
Start importing Assets/Envirnoment/tree/Tree04.fbx using Guid(18578bfa165f2af41b55ed0122fdc9ee) Importer(815301076,1909f56bfc062723c751e8b465ee728b)  -> (artifact id: '3b084886a7018ca1af4d0122e041fbcd') in 0.360286 seconds 
========================================================================
Received Import Request.
  Time since last request: 0.051799 seconds.
  path: Assets/Scenes/Mainmenu/ReflectionProbe-0.exr
  artifactKey: Guid(c4a379cfc50b0d24da6ce5fe863715ca) Importer(815301076,1909f56bfc062723c751e8b465ee728b)
Start importing Assets/Scenes/Mainmenu/ReflectionProbe-0.exr using Guid(c4a379cfc50b0d24da6ce5fe863715ca) Importer(815301076,1909f56bfc062723c751e8b465ee728b)  -> (artifact id: '7f73d0f083ce1c11c725704305e2cc29') in 0.102747 seconds 
========================================================================
Received Import Request.
  Time since last request: 0.012418 seconds.
  path: Assets/Animation/ThunderSky.anim
  artifactKey: Guid(c0faf81fca00d75498f7e4cc3291126d) Importer(815301076,1909f56bfc062723c751e8b465ee728b)
Start importing Assets/Animation/ThunderSky.anim using Guid(c0faf81fca00d75498f7e4cc3291126d) Importer(815301076,1909f56bfc062723c751e8b465ee728b)  -> (artifact id: '9a40590be4c0e8c0938ba546e74ffe15') in 0.008824 seconds 
========================================================================
Received Import Request.
  Time since last request: 0.009885 seconds.
  path: Assets/Envirnoment/building/bri/bridge02b.fbx
  artifactKey: Guid(e7eac5b2bfac3294a9a5de7465084b34) Importer(815301076,1909f56bfc062723c751e8b465ee728b)
Start importing Assets/Envirnoment/building/bri/bridge02b.fbx using Guid(e7eac5b2bfac3294a9a5de7465084b34) Importer(815301076,1909f56bfc062723c751e8b465ee728b)  -> (artifact id: '50a8be14f4cd8b46b41d43e2f58528f1') in 0.047938 seconds 
========================================================================
Received Import Request.
  Time since last request: 0.045429 seconds.
  path: Assets/Scripts/DamageArea.cs
  artifactKey: Guid(db810632d2d963642b0af0c636ab6a33) Importer(815301076,1909f56bfc062723c751e8b465ee728b)
Start importing Assets/Scripts/DamageArea.cs using Guid(db810632d2d963642b0af0c636ab6a33) Importer(815301076,1909f56bfc062723c751e8b465ee728b)  -> (artifact id: '8b46436f964290f0947e20c764a061f7') in 0.006627 seconds 
========================================================================
Received Import Request.
  Time since last request: 0.063727 seconds.
  path: Assets/Animation/GoodSeekerIdle.fbx
  artifactKey: Guid(66b24bca0e0c85f43a5555f776b89bdc) Importer(815301076,1909f56bfc062723c751e8b465ee728b)
Start importing Assets/Animation/GoodSeekerIdle.fbx using Guid(66b24bca0e0c85f43a5555f776b89bdc) Importer(815301076,1909f56bfc062723c751e8b465ee728b)  -> (artifact id: '6f27ee83712486b8283b0bf227d88fbd') in 0.114997 seconds 
========================================================================
Received Import Request.
  Time since last request: 0.040258 seconds.
  path: Assets/Scripts/ShockWave.cs
  artifactKey: Guid(f21b69ac6f23c0a409ac03818de0c25f) Importer(815301076,1909f56bfc062723c751e8b465ee728b)
Start importing Assets/Scripts/ShockWave.cs using Guid(f21b69ac6f23c0a409ac03818de0c25f) Importer(815301076,1909f56bfc062723c751e8b465ee728b)  -> (artifact id: 'f2861d42e012adc49180d7738d6ec120') in 0.007124 seconds 
========================================================================
Received Import Request.
  Time since last request: 0.008246 seconds.
  path: Assets/Animation/Main Camera.controller
  artifactKey: Guid(db538f8cc2784184697388efdd16b038) Importer(815301076,1909f56bfc062723c751e8b465ee728b)
Start importing Assets/Animation/Main Camera.controller using Guid(db538f8cc2784184697388efdd16b038) Importer(815301076,1909f56bfc062723c751e8b465ee728b)  -> (artifact id: 'c2a6d82816916138c425f26e96f55d4b') in 0.009913 seconds 
========================================================================
Received Import Request.
  Time since last request: 0.009386 seconds.
  path: Assets/Envirnoment/tree/Tree03_2.fbx
  artifactKey: Guid(4e5f47ecc6ad63f4bb34b0214b44b84c) Importer(815301076,1909f56bfc062723c751e8b465ee728b)
Start importing Assets/Envirnoment/tree/Tree03_2.fbx using Guid(4e5f47ecc6ad63f4bb34b0214b44b84c) Importer(815301076,1909f56bfc062723c751e8b465ee728b)  -> (artifact id: '8d7419091571bf95c3821e2a8f460ad0') in 0.044477 seconds 
========================================================================
Received Import Request.
  Time since last request: 0.035617 seconds.
  path: Assets/Scripts/SpiderController.cs
  artifactKey: Guid(59aef432c547e3b448c1d0fc9f14b3fc) Importer(815301076,1909f56bfc062723c751e8b465ee728b)
Start importing Assets/Scripts/SpiderController.cs using Guid(59aef432c547e3b448c1d0fc9f14b3fc) Importer(815301076,1909f56bfc062723c751e8b465ee728b)  -> (artifact id: '150aaf2fbdbab1dec5dbcce0fbcd66a6') in 0.006603 seconds 
========================================================================
Received Import Request.
  Time since last request: 0.063120 seconds.
  path: Assets/UI/gamestartHit.png
  artifactKey: Guid(fc3ae0b710435994dbf55399756528b7) Importer(815301076,1909f56bfc062723c751e8b465ee728b)
Start importing Assets/UI/gamestartHit.png using Guid(fc3ae0b710435994dbf55399756528b7) Importer(815301076,1909f56bfc062723c751e8b465ee728b)  -> (artifact id: '009037b9c28dd196ba7a69d86bae4cf0') in 0.177033 seconds 
========================================================================
Received Import Request.
  Time since last request: 0.029939 seconds.
  path: Assets/Items/Sword.fbx
  artifactKey: Guid(6bbfa9a2f58c5124e8ab9df307f6c439) Importer(815301076,1909f56bfc062723c751e8b465ee728b)
Start importing Assets/Items/Sword.fbx using Guid(6bbfa9a2f58c5124e8ab9df307f6c439) Importer(815301076,1909f56bfc062723c751e8b465ee728b)  -> (artifact id: '99eb3accb4659d71133fdec9a3bc9341') in 0.032287 seconds 
========================================================================
Received Import Request.
  Time since last request: 0.037835 seconds.
  path: Assets/Scripts/EnemyBullet.cs
  artifactKey: Guid(6eabb8fa1a4db504988b7e99a35f2326) Importer(815301076,1909f56bfc062723c751e8b465ee728b)
Start importing Assets/Scripts/EnemyBullet.cs using Guid(6eabb8fa1a4db504988b7e99a35f2326) Importer(815301076,1909f56bfc062723c751e8b465ee728b)  -> (artifact id: '6250522f166c85068c75efd03b6da2e4') in 0.006961 seconds 
========================================================================
Received Import Request.
  Time since last request: 0.036934 seconds.
  path: Assets/UI/BackHit.png
  artifactKey: Guid(a92d7e915c71b5643acd62a32adcc25d) Importer(815301076,1909f56bfc062723c751e8b465ee728b)
Start importing Assets/UI/BackHit.png using Guid(a92d7e915c71b5643acd62a32adcc25d) Importer(815301076,1909f56bfc062723c751e8b465ee728b)  -> (artifact id: 'e123b72e667fe71acfa0b74b9f2a5ab3') in 0.120144 seconds 
========================================================================
Received Import Request.
  Time since last request: 0.019652 seconds.
  path: Assets/Scenes/Level3/LightingData.asset
  artifactKey: Guid(0c0d96aba81388448aa7cf28214b0ffe) Importer(815301076,1909f56bfc062723c751e8b465ee728b)
Start importing Assets/Scenes/Level3/LightingData.asset using Guid(0c0d96aba81388448aa7cf28214b0ffe) Importer(815301076,1909f56bfc062723c751e8b465ee728b)  -> (artifact id: '30885b878bb222ab4a8a6b87fb598394') in 0.003933 seconds 
========================================================================
Received Import Request.
  Time since last request: 0.016693 seconds.
  path: Assets/Envirnoment/building/door/door 1.fbx
  artifactKey: Guid(79e1657a09b57e94985d7284d5b144ce) Importer(815301076,1909f56bfc062723c751e8b465ee728b)
Start importing Assets/Envirnoment/building/door/door 1.fbx using Guid(79e1657a09b57e94985d7284d5b144ce) Importer(815301076,1909f56bfc062723c751e8b465ee728b)  -> (artifact id: '2cbc25fa9ab7e1d379543d810facea2a') in 0.113263 seconds 
========================================================================
Received Import Request.
  Time since last request: 0.035878 seconds.
  path: Assets/Thaleah_PixelFont/Materials/ThaleahFat_TTF.ttf
  artifactKey: Guid(585188cdc4600544eb408bee749e4b3a) Importer(815301076,1909f56bfc062723c751e8b465ee728b)
Start importing Assets/Thaleah_PixelFont/Materials/ThaleahFat_TTF.ttf using Guid(585188cdc4600544eb408bee749e4b3a) Importer(815301076,1909f56bfc062723c751e8b465ee728b)  -> (artifact id: 'e10ef97861803c98894ebab7b542fc8b') in 0.049805 seconds 
========================================================================
Received Import Request.
  Time since last request: 0.009003 seconds.
  path: Assets/Characters/drone.fbx
  artifactKey: Guid(6d33350dd241724488d203754e268a0b) Importer(815301076,1909f56bfc062723c751e8b465ee728b)
Start importing Assets/Characters/drone.fbx using Guid(6d33350dd241724488d203754e268a0b) Importer(815301076,1909f56bfc062723c751e8b465ee728b)  -> (artifact id: '18ace858589b8e2e713957c200a18ac9') in 0.064564 seconds 
========================================================================
Received Import Request.
  Time since last request: 0.091447 seconds.
  path: Assets/Materials
  artifactKey: Guid(415eb108b23753847939a5138236715e) Importer(815301076,1909f56bfc062723c751e8b465ee728b)
Start importing Assets/Materials using Guid(415eb108b23753847939a5138236715e) Importer(815301076,1909f56bfc062723c751e8b465ee728b)  -> (artifact id: '566951ed5ab48f6ea31f41e7f9b5eb19') in 0.006588 seconds 
========================================================================
Received Import Request.
  Time since last request: 0.069834 seconds.
  path: Assets/Scripts/ThunderBlast.cs
  artifactKey: Guid(88aed7b79ecb10c4f8d9d7c4ff945e3a) Importer(815301076,1909f56bfc062723c751e8b465ee728b)
Start importing Assets/Scripts/ThunderBlast.cs using Guid(88aed7b79ecb10c4f8d9d7c4ff945e3a) Importer(815301076,1909f56bfc062723c751e8b465ee728b)  -> (artifact id: '6a8814d91fc4eb98c2970a81da3cf6fc') in 0.006785 seconds 
========================================================================
Received Import Request.
  Time since last request: 0.038331 seconds.
  path: Assets/Scenes/Level2/ReflectionProbe-0.exr
  artifactKey: Guid(365ec417a40e8164f8be7587e88c082e) Importer(815301076,1909f56bfc062723c751e8b465ee728b)
Start importing Assets/Scenes/Level2/ReflectionProbe-0.exr using Guid(365ec417a40e8164f8be7587e88c082e) Importer(815301076,1909f56bfc062723c751e8b465ee728b)  -> (artifact id: '20445881082e8bdf9b592733ac861c5b') in 0.018599 seconds 
========================================================================
Received Import Request.
  Time since last request: 0.057234 seconds.
  path: Assets/UI/gamequitHit.png
  artifactKey: Guid(9735a15ecdfe5ff44a4f0bdc9284cf56) Importer(815301076,1909f56bfc062723c751e8b465ee728b)
Start importing Assets/UI/gamequitHit.png using Guid(9735a15ecdfe5ff44a4f0bdc9284cf56) Importer(815301076,1909f56bfc062723c751e8b465ee728b)  -> (artifact id: '43d035476090beaa81d1061cd3c4036b') in 0.136444 seconds 
========================================================================
Received Import Request.
  Time since last request: 0.013250 seconds.
  path: Assets/Materials/ThunderBlue.mat
  artifactKey: Guid(054200b4e2826144bb49bbc25628678f) Importer(815301076,1909f56bfc062723c751e8b465ee728b)
Start importing Assets/Materials/ThunderBlue.mat using Guid(054200b4e2826144bb49bbc25628678f) Importer(815301076,1909f56bfc062723c751e8b465ee728b)  -> (artifact id: '50a7a0f89fc0ed18553ff358c72d5d3f') in 0.113127 seconds 
========================================================================
Received Import Request.
  Time since last request: 0.041146 seconds.
  path: Assets/Animation/Directional Light.controller
  artifactKey: Guid(c8bd92a16a125f14b9e725ff755689e0) Importer(815301076,1909f56bfc062723c751e8b465ee728b)
Start importing Assets/Animation/Directional Light.controller using Guid(c8bd92a16a125f14b9e725ff755689e0) Importer(815301076,1909f56bfc062723c751e8b465ee728b)  -> (artifact id: '80c1d860a94882c3a7dc292a937effd6') in 0.008531 seconds 
========================================================================
Received Import Request.
  Time since last request: 0.018694 seconds.
  path: Assets/Animation/UI/BossHpFadeIn2.anim
  artifactKey: Guid(f1a3ea0279010bd4e95cadb718db01a4) Importer(815301076,1909f56bfc062723c751e8b465ee728b)
Start importing Assets/Animation/UI/BossHpFadeIn2.anim using Guid(f1a3ea0279010bd4e95cadb718db01a4) Importer(815301076,1909f56bfc062723c751e8b465ee728b)  -> (artifact id: '50318b49e746aa4c5885886ae96e911c') in 0.008236 seconds 
========================================================================
Received Import Request.
  Time since last request: 0.039943 seconds.
  path: Assets/UI/Background_Music.png
  artifactKey: Guid(7809c4fdb6dfb3e4f8a9579982ed7e04) Importer(815301076,1909f56bfc062723c751e8b465ee728b)
Start importing Assets/UI/Background_Music.png using Guid(7809c4fdb6dfb3e4f8a9579982ed7e04) Importer(815301076,1909f56bfc062723c751e8b465ee728b)  -> (artifact id: '5207081d42b2d3b0a8f55ed2ab16fc26') in 0.149609 seconds 
========================================================================
Received Import Request.
  Time since last request: 0.017747 seconds.
  path: Assets/Scenes/Level2/New Lighting Settings.lighting
  artifactKey: Guid(cd672d2622048704e8b1eafc5262b1e1) Importer(815301076,1909f56bfc062723c751e8b465ee728b)
Start importing Assets/Scenes/Level2/New Lighting Settings.lighting using Guid(cd672d2622048704e8b1eafc5262b1e1) Importer(815301076,1909f56bfc062723c751e8b465ee728b)  -> (artifact id: '10977f7bd766c664ff8141c4ba60f56d') in 0.008366 seconds 
========================================================================
Received Import Request.
  Time since last request: 0.024251 seconds.
  path: Assets/Scripts/SkyThunder.cs
  artifactKey: Guid(99cb03f02e8e8584c9b8b7f28ea410ae) Importer(815301076,1909f56bfc062723c751e8b465ee728b)
Start importing Assets/Scripts/SkyThunder.cs using Guid(99cb03f02e8e8584c9b8b7f28ea410ae) Importer(815301076,1909f56bfc062723c751e8b465ee728b)  -> (artifact id: '6ea0dc14d609b867908a5030f478ffb5') in 0.006501 seconds 
========================================================================
Received Import Request.
  Time since last request: 0.007086 seconds.
  path: Assets/Animation
  artifactKey: Guid(baa55b1575aa77641b39517a44e50a96) Importer(815301076,1909f56bfc062723c751e8b465ee728b)
Start importing Assets/Animation using Guid(baa55b1575aa77641b39517a44e50a96) Importer(815301076,1909f56bfc062723c751e8b465ee728b)  -> (artifact id: '30f9cb43747064cc277f1771a417eb43') in 0.006556 seconds 
========================================================================
Received Import Request.
  Time since last request: 0.008632 seconds.
  path: Assets/Envirnoment/tree/Tree03.fbx
  artifactKey: Guid(7ff72920fc79a064d895903bd1dd379d) Importer(815301076,1909f56bfc062723c751e8b465ee728b)
Start importing Assets/Envirnoment/tree/Tree03.fbx using Guid(7ff72920fc79a064d895903bd1dd379d) Importer(815301076,1909f56bfc062723c751e8b465ee728b)  -> (artifact id: 'b0832ac0394729b54ce9c7e4de792ae3') in 0.045841 seconds 
========================================================================
Received Import Request.
  Time since last request: 0.029972 seconds.
  path: Assets/Scripts/SpiderProceduralAnimation.cs
  artifactKey: Guid(99727c5fdf60da249b4247724543bdbb) Importer(815301076,1909f56bfc062723c751e8b465ee728b)
Start importing Assets/Scripts/SpiderProceduralAnimation.cs using Guid(99727c5fdf60da249b4247724543bdbb) Importer(815301076,1909f56bfc062723c751e8b465ee728b)  -> (artifact id: '68dfb730cb893d33474d8eaf073f652a') in 0.006512 seconds 
========================================================================
Received Import Request.
  Time since last request: 0.030577 seconds.
  path: Assets/Scripts/TutorialChange.cs
  artifactKey: Guid(c6729e9bb4abc41488ca3cd3d50220de) Importer(815301076,1909f56bfc062723c751e8b465ee728b)
Start importing Assets/Scripts/TutorialChange.cs using Guid(c6729e9bb4abc41488ca3cd3d50220de) Importer(815301076,1909f56bfc062723c751e8b465ee728b)  -> (artifact id: '76b097303f990c49b9c4b2662f66cfd1') in 0.006606 seconds 
========================================================================
Received Import Request.
  Time since last request: 0.017856 seconds.
  path: Assets/Scripts/Healing.cs
  artifactKey: Guid(6d3b5e44bc85d7345bdfd01981351235) Importer(815301076,1909f56bfc062723c751e8b465ee728b)
Start importing Assets/Scripts/Healing.cs using Guid(6d3b5e44bc85d7345bdfd01981351235) Importer(815301076,1909f56bfc062723c751e8b465ee728b)  -> (artifact id: 'c4578dde026b06a5b524f268258bcbd7') in 0.006748 seconds 
========================================================================
Received Import Request.
  Time since last request: 0.008654 seconds.
  path: Assets/UI/optionHit.png
  artifactKey: Guid(bd7c5fb040843344395cb3e39c1dd1df) Importer(815301076,1909f56bfc062723c751e8b465ee728b)
Start importing Assets/UI/optionHit.png using Guid(bd7c5fb040843344395cb3e39c1dd1df) Importer(815301076,1909f56bfc062723c751e8b465ee728b)  -> (artifact id: '2c32fefab4b4f49a232ce2da80e8db32') in 0.109957 seconds 
========================================================================
Received Import Request.
  Time since last request: 0.015023 seconds.
  path: Assets/Animation/UI/BossHpFadeIn.anim
  artifactKey: Guid(f9a684c679ac9164494d6aba40db8149) Importer(815301076,1909f56bfc062723c751e8b465ee728b)
Start importing Assets/Animation/UI/BossHpFadeIn.anim using Guid(f9a684c679ac9164494d6aba40db8149) Importer(815301076,1909f56bfc062723c751e8b465ee728b)  -> (artifact id: '5471674836eb5a81c15586004bffe93d') in 0.008323 seconds 
========================================================================
Received Import Request.
  Time since last request: 0.009814 seconds.
  path: Assets/Envirnoment/building/pillar/column3.fbx
  artifactKey: Guid(e3e5cfcd7bcca0a4b98a6a18133008b0) Importer(815301076,1909f56bfc062723c751e8b465ee728b)
Start importing Assets/Envirnoment/building/pillar/column3.fbx using Guid(e3e5cfcd7bcca0a4b98a6a18133008b0) Importer(815301076,1909f56bfc062723c751e8b465ee728b)  -> (artifact id: 'c98cf19dfd731d4e8c4ff9f63ebbb298') in 0.039879 seconds 
========================================================================
Received Import Request.
  Time since last request: 0.016855 seconds.
  path: Assets/Scenes/Mainmenu
  artifactKey: Guid(13767140c767aab4db346cc13d085803) Importer(815301076,1909f56bfc062723c751e8b465ee728b)
Start importing Assets/Scenes/Mainmenu using Guid(13767140c767aab4db346cc13d085803) Importer(815301076,1909f56bfc062723c751e8b465ee728b)  -> (artifact id: '61f12f771f5f08de41b0ace7dfadf296') in 0.006733 seconds 
========================================================================
Received Import Request.
  Time since last request: 0.032555 seconds.
  path: Assets/Scripts/PlayerController.cs
  artifactKey: Guid(4da597b5e5aacd240866b705db251a24) Importer(815301076,1909f56bfc062723c751e8b465ee728b)
Start importing Assets/Scripts/PlayerController.cs using Guid(4da597b5e5aacd240866b705db251a24) Importer(815301076,1909f56bfc062723c751e8b465ee728b)  -> (artifact id: '02d022b57b4c44420989c6db0551cc6f') in 0.006705 seconds 
========================================================================
Received Import Request.
  Time since last request: 0.014968 seconds.
  path: Assets/Scenes/Level2.unity
  artifactKey: Guid(3b467cbc5c6c7d849a3ec27332df0ab5) Importer(815301076,1909f56bfc062723c751e8b465ee728b)
Start importing Assets/Scenes/Level2.unity using Guid(3b467cbc5c6c7d849a3ec27332df0ab5) Importer(815301076,1909f56bfc062723c751e8b465ee728b)  -> (artifact id: '1670648a62fa3c07ecc4965e3e46801d') in 0.007526 seconds 
========================================================================
Received Import Request.
  Time since last request: 0.020689 seconds.
  path: Assets/UI/gamequit.png
  artifactKey: Guid(aa2b16e61b0dd3943906941d3b6bf4cd) Importer(815301076,1909f56bfc062723c751e8b465ee728b)
Start importing Assets/UI/gamequit.png using Guid(aa2b16e61b0dd3943906941d3b6bf4cd) Importer(815301076,1909f56bfc062723c751e8b465ee728b)  -> (artifact id: '85074d55b897aa99995c540f5dd7435e') in 0.116338 seconds 
========================================================================
Received Import Request.
  Time since last request: 0.012094 seconds.
  path: Assets/Envirnoment/building/pillar
  artifactKey: Guid(429ec30045d18b44bb04a75198c0d959) Importer(815301076,1909f56bfc062723c751e8b465ee728b)
Start importing Assets/Envirnoment/building/pillar using Guid(429ec30045d18b44bb04a75198c0d959) Importer(815301076,1909f56bfc062723c751e8b465ee728b)  -> (artifact id: 'fe6ab58bc8529bf4131083984acd5e2d') in 0.008739 seconds 
========================================================================
Received Import Request.
  Time since last request: 0.011761 seconds.
  path: Assets/Scenes/Level1
  artifactKey: Guid(e34898f32f79e05449f8ee8891a5ec1e) Importer(815301076,1909f56bfc062723c751e8b465ee728b)
Start importing Assets/Scenes/Level1 using Guid(e34898f32f79e05449f8ee8891a5ec1e) Importer(815301076,1909f56bfc062723c751e8b465ee728b)  -> (artifact id: 'd8edf08554e54603f0a262ce0c771635') in 0.006825 seconds 
========================================================================
Received Import Request.
  Time since last request: 0.009593 seconds.
  path: Assets/UI/pause.png
  artifactKey: Guid(67f22e0e5cd02164e8733b052d569b76) Importer(815301076,1909f56bfc062723c751e8b465ee728b)
Start importing Assets/UI/pause.png using Guid(67f22e0e5cd02164e8733b052d569b76) Importer(815301076,1909f56bfc062723c751e8b465ee728b)  -> (artifact id: 'c8c6954e034f0217d62033764f35c5f1') in 0.147592 seconds 
========================================================================
Received Import Request.
  Time since last request: 0.013331 seconds.
  path: Assets/Materials/LighningBlue.mat
  artifactKey: Guid(0b39c6a8652630740b752d641e2ef5a5) Importer(815301076,1909f56bfc062723c751e8b465ee728b)
Start importing Assets/Materials/LighningBlue.mat using Guid(0b39c6a8652630740b752d641e2ef5a5) Importer(815301076,1909f56bfc062723c751e8b465ee728b)  -> (artifact id: 'fad64d6bc243e7a9939f5da7c2db1e84') in 0.018968 seconds 
========================================================================
Received Import Request.
  Time since last request: 0.020957 seconds.
  path: Assets/Scripts/ItemFollow.cs
  artifactKey: Guid(64d545b316662e445b065c2f2b31d262) Importer(815301076,1909f56bfc062723c751e8b465ee728b)
Start importing Assets/Scripts/ItemFollow.cs using Guid(64d545b316662e445b065c2f2b31d262) Importer(815301076,1909f56bfc062723c751e8b465ee728b)  -> (artifact id: '6a107c9fcc9a67f00a7bc3160a130def') in 0.007073 seconds 
========================================================================
Received Import Request.
  Time since last request: 0.007926 seconds.
  path: Assets/Envirnoment/building/pillar/columnN04.fbx
  artifactKey: Guid(76b3b68943720c64da9f0e8d7852ee1b) Importer(815301076,1909f56bfc062723c751e8b465ee728b)
Start importing Assets/Envirnoment/building/pillar/columnN04.fbx using Guid(76b3b68943720c64da9f0e8d7852ee1b) Importer(815301076,1909f56bfc062723c751e8b465ee728b)  -> (artifact id: '2e07e41e24e80a20bfdbebdd5e6218ff') in 0.047662 seconds 
========================================================================
Received Import Request.
  Time since last request: 0.017893 seconds.
  path: Assets/Scenes/Level1/New Lighting Settings.lighting
  artifactKey: Guid(4882410bed46db14b9d2f405799fe372) Importer(815301076,1909f56bfc062723c751e8b465ee728b)
Start importing Assets/Scenes/Level1/New Lighting Settings.lighting using Guid(4882410bed46db14b9d2f405799fe372) Importer(815301076,1909f56bfc062723c751e8b465ee728b)  -> (artifact id: '618d8174ba12a509f16d7792bfab64a7') in 0.007742 seconds 
========================================================================
Received Import Request.
  Time since last request: 0.009164 seconds.
  path: Assets/Envirnoment/rock/Rock.fbx
  artifactKey: Guid(17929396dc8c4b04c922be9e7bde4958) Importer(815301076,1909f56bfc062723c751e8b465ee728b)
Start importing Assets/Envirnoment/rock/Rock.fbx using Guid(17929396dc8c4b04c922be9e7bde4958) Importer(815301076,1909f56bfc062723c751e8b465ee728b)  -> (artifact id: '2dce0fa55593937eb51ce2bebd40d553') in 0.025568 seconds 
========================================================================
Received Import Request.
  Time since last request: 0.011201 seconds.
  path: Assets/Music
  artifactKey: Guid(685726dc8c034c049a06766197524367) Importer(815301076,1909f56bfc062723c751e8b465ee728b)
Start importing Assets/Music using Guid(685726dc8c034c049a06766197524367) Importer(815301076,1909f56bfc062723c751e8b465ee728b)  -> (artifact id: '78f79de7d8f8b2ed24c5bc02195b0cc0') in 0.006360 seconds 
========================================================================
Received Import Request.
  Time since last request: 0.006746 seconds.
  path: Assets/Items
  artifactKey: Guid(39c5dac0ba251f0439873212fb5fee16) Importer(815301076,1909f56bfc062723c751e8b465ee728b)
Start importing Assets/Items using Guid(39c5dac0ba251f0439873212fb5fee16) Importer(815301076,1909f56bfc062723c751e8b465ee728b)  -> (artifact id: 'a321a5d986e3efe3ea9b54cb3238d901') in 0.006767 seconds 
========================================================================
Received Import Request.
  Time since last request: 0.006393 seconds.
  path: Assets/Envirnoment/building
  artifactKey: Guid(e5d879ae787366846b3e4cf466b45aa0) Importer(815301076,1909f56bfc062723c751e8b465ee728b)
Start importing Assets/Envirnoment/building using Guid(e5d879ae787366846b3e4cf466b45aa0) Importer(815301076,1909f56bfc062723c751e8b465ee728b)  -> (artifact id: 'fdc44f6296165ce0ef02e9e7d0cc4563') in 0.007023 seconds 
========================================================================
Received Import Request.
  Time since last request: 0.008475 seconds.
  path: Assets/Envirnoment/building/pillar/columnN02.fbx
  artifactKey: Guid(116c5c772b78afa4e9f40fca0f7ec77f) Importer(815301076,1909f56bfc062723c751e8b465ee728b)
Start importing Assets/Envirnoment/building/pillar/columnN02.fbx using Guid(116c5c772b78afa4e9f40fca0f7ec77f) Importer(815301076,1909f56bfc062723c751e8b465ee728b)  -> (artifact id: '934b235fb047e65dea365ebcbd7b8b63') in 0.028507 seconds 
========================================================================
Received Import Request.
  Time since last request: 0.011959 seconds.
  path: Assets/Characters/God Seeker.fbm
  artifactKey: Guid(bfd94da2924a7eb4483676db9d987863) Importer(815301076,1909f56bfc062723c751e8b465ee728b)
Start importing Assets/Characters/God Seeker.fbm using Guid(bfd94da2924a7eb4483676db9d987863) Importer(815301076,1909f56bfc062723c751e8b465ee728b)  -> (artifact id: '6c0c92ec3d0a26723be2a1f5e2b0e781') in 0.007043 seconds 
========================================================================
Received Import Request.
  Time since last request: 0.089791 seconds.
  path: Assets/Prefabs
  artifactKey: Guid(a18f33cb4d620a8489fd37cdfbe6ca5c) Importer(815301076,1909f56bfc062723c751e8b465ee728b)
Start importing Assets/Prefabs using Guid(a18f33cb4d620a8489fd37cdfbe6ca5c) Importer(815301076,1909f56bfc062723c751e8b465ee728b)  -> (artifact id: '51d84b37ee7c0b9134075885d034ae61') in 0.006887 seconds 
========================================================================
Received Import Request.
  Time since last request: 0.009352 seconds.
  path: Assets/Envirnoment/building/pillar/columnN06.fbx
  artifactKey: Guid(5ba9a958576021e4a9e76709d2fc4e13) Importer(815301076,1909f56bfc062723c751e8b465ee728b)
Start importing Assets/Envirnoment/building/pillar/columnN06.fbx using Guid(5ba9a958576021e4a9e76709d2fc4e13) Importer(815301076,1909f56bfc062723c751e8b465ee728b)  -> (artifact id: '82c60ab2bbdea19748bb561f1ac16a75') in 0.040473 seconds 
========================================================================
Received Import Request.
  Time since last request: 0.060239 seconds.
  path: Assets/Scripts/SegmentRotation.cs
  artifactKey: Guid(2a7b416f239c171458f816c977a25ac5) Importer(815301076,1909f56bfc062723c751e8b465ee728b)
Start importing Assets/Scripts/SegmentRotation.cs using Guid(2a7b416f239c171458f816c977a25ac5) Importer(815301076,1909f56bfc062723c751e8b465ee728b)  -> (artifact id: '74a4b93710e50d28308052d32613b755') in 0.007354 seconds 
========================================================================
Received Import Request.
  Time since last request: 0.049404 seconds.
  path: Assets/Animation/GodSeekerV2Jump.fbx
  artifactKey: Guid(edafdf091c8399d40a370025412d9c4a) Importer(815301076,1909f56bfc062723c751e8b465ee728b)
Start importing Assets/Animation/GodSeekerV2Jump.fbx using Guid(edafdf091c8399d40a370025412d9c4a) Importer(815301076,1909f56bfc062723c751e8b465ee728b)  -> (artifact id: 'f4c7a175efb24a9f043060675c4e4ee9') in 0.071679 seconds 
========================================================================
Received Import Request.
  Time since last request: 0.019613 seconds.
  path: Assets/Scripts/StartBossFight.cs
  artifactKey: Guid(a80b7290c0342ec428f3648c0aa3b2e7) Importer(815301076,1909f56bfc062723c751e8b465ee728b)
Start importing Assets/Scripts/StartBossFight.cs using Guid(a80b7290c0342ec428f3648c0aa3b2e7) Importer(815301076,1909f56bfc062723c751e8b465ee728b)  -> (artifact id: 'ba651a56fdf3ddde35256d9cb11ae791') in 0.006662 seconds 
========================================================================
Received Import Request.
  Time since last request: 0.026230 seconds.
  path: Assets/Thaleah_PixelFont/Materials/Thaleah_DemoBackground.png
  artifactKey: Guid(b324a4685d480b346b084e8a5dbacbde) Importer(815301076,1909f56bfc062723c751e8b465ee728b)
Start importing Assets/Thaleah_PixelFont/Materials/Thaleah_DemoBackground.png using Guid(b324a4685d480b346b084e8a5dbacbde) Importer(815301076,1909f56bfc062723c751e8b465ee728b)  -> (artifact id: '726bc6ddfcc122dadaf91378b9724ab4') in 0.019619 seconds 
========================================================================
Received Import Request.
  Time since last request: 0.016064 seconds.
  path: Assets/Scenes/Level2
  artifactKey: Guid(90ee76264510e9e49bdd83006a760b53) Importer(815301076,1909f56bfc062723c751e8b465ee728b)
Start importing Assets/Scenes/Level2 using Guid(90ee76264510e9e49bdd83006a760b53) Importer(815301076,1909f56bfc062723c751e8b465ee728b)  -> (artifact id: 'e166ba73c5e23191b4d867fcba3f5995') in 0.006705 seconds 
========================================================================
Received Import Request.
  Time since last request: 0.008752 seconds.
  path: Assets/Materials/GodSeeker.png
  artifactKey: Guid(8ae4074b380603e42849776e605c6d95) Importer(815301076,1909f56bfc062723c751e8b465ee728b)
Start importing Assets/Materials/GodSeeker.png using Guid(8ae4074b380603e42849776e605c6d95) Importer(815301076,1909f56bfc062723c751e8b465ee728b)  -> (artifact id: '9711e3a4a33ea0ceb780f8fcadde5e85') in 0.039555 seconds 
========================================================================
Received Import Request.
  Time since last request: 0.013274 seconds.
  path: Assets/Envirnoment/building/bri/bridge01a.fbx
  artifactKey: Guid(dea9d2361c522494593675dfd3d6cdd1) Importer(815301076,1909f56bfc062723c751e8b465ee728b)
Start importing Assets/Envirnoment/building/bri/bridge01a.fbx using Guid(dea9d2361c522494593675dfd3d6cdd1) Importer(815301076,1909f56bfc062723c751e8b465ee728b)  -> (artifact id: '5bb7fc15f96e4a1f10f08210d0121276') in 0.055990 seconds 
========================================================================
Received Import Request.
  Time since last request: 0.028987 seconds.
  path: Assets/Scenes/Level2/NavMesh.asset
  artifactKey: Guid(6f361f44c1cb0764cacc1e619a71c069) Importer(815301076,1909f56bfc062723c751e8b465ee728b)
Start importing Assets/Scenes/Level2/NavMesh.asset using Guid(6f361f44c1cb0764cacc1e619a71c069) Importer(815301076,1909f56bfc062723c751e8b465ee728b)  -> (artifact id: '3e2a3aceca205c681072a31ee3cb4290') in 0.007522 seconds 
========================================================================
Received Import Request.
  Time since last request: 0.009401 seconds.
  path: Assets/UI/resumeHit.png
  artifactKey: Guid(e2ab2895b01336042afaab9caead27c9) Importer(815301076,1909f56bfc062723c751e8b465ee728b)
Start importing Assets/UI/resumeHit.png using Guid(e2ab2895b01336042afaab9caead27c9) Importer(815301076,1909f56bfc062723c751e8b465ee728b)  -> (artifact id: 'c4c2af789b99da6fad375c93b9477922') in 0.139085 seconds 
========================================================================
Received Import Request.
  Time since last request: 0.016964 seconds.
  path: Assets/Scripts
  artifactKey: Guid(0c4fc7c66cc835f4ea93de50242aa6f1) Importer(815301076,1909f56bfc062723c751e8b465ee728b)
Start importing Assets/Scripts using Guid(0c4fc7c66cc835f4ea93de50242aa6f1) Importer(815301076,1909f56bfc062723c751e8b465ee728b)  -> (artifact id: '2387c797aabc4b1a495de7749f3165ea') in 0.007310 seconds 
========================================================================
Received Import Request.
  Time since last request: 0.008121 seconds.
  path: Assets/Animation/UI/BossHp.controller
  artifactKey: Guid(6a5699640b4872046ac5319450b4ce8e) Importer(815301076,1909f56bfc062723c751e8b465ee728b)
Start importing Assets/Animation/UI/BossHp.controller using Guid(6a5699640b4872046ac5319450b4ce8e) Importer(815301076,1909f56bfc062723c751e8b465ee728b)  -> (artifact id: 'e2a3351945e3604a1659282c572870e3') in 0.009533 seconds 
========================================================================
Received Import Request.
  Time since last request: 0.009079 seconds.
  path: Assets/Materials/Warning.mat
  artifactKey: Guid(d1517dda79c43d349b78d979d2b1dfdd) Importer(815301076,1909f56bfc062723c751e8b465ee728b)
Start importing Assets/Materials/Warning.mat using Guid(d1517dda79c43d349b78d979d2b1dfdd) Importer(815301076,1909f56bfc062723c751e8b465ee728b)  -> (artifact id: '1aa386b8afc7679ae010a2cdb591636e') in 0.092377 seconds 
========================================================================
Received Import Request.
  Time since last request: 0.054464 seconds.
  path: Assets/Scripts/UIFollow.cs
  artifactKey: Guid(bdc8ec2ef774d224ab9362775f3634fe) Importer(815301076,1909f56bfc062723c751e8b465ee728b)
Start importing Assets/Scripts/UIFollow.cs using Guid(bdc8ec2ef774d224ab9362775f3634fe) Importer(815301076,1909f56bfc062723c751e8b465ee728b)  -> (artifact id: 'a76ad6aae2bd8f3c5ac47128f8028531') in 0.006656 seconds 
========================================================================
Received Import Request.
  Time since last request: 0.053525 seconds.
  path: Assets/Materials/Warning2.mat
  artifactKey: Guid(18f0e57eed03bac4cb6e0decf5a5f498) Importer(815301076,1909f56bfc062723c751e8b465ee728b)
Start importing Assets/Materials/Warning2.mat using Guid(18f0e57eed03bac4cb6e0decf5a5f498) Importer(815301076,1909f56bfc062723c751e8b465ee728b)  -> (artifact id: '84a5c8b2ba46f5981212701b14696a25') in 0.017638 seconds 
========================================================================
Received Import Request.
  Time since last request: 0.036724 seconds.
  path: Assets/Scripts/PauseMenu.cs
  artifactKey: Guid(61d2bbb0146a1e0489f2a87214f027de) Importer(815301076,1909f56bfc062723c751e8b465ee728b)
Start importing Assets/Scripts/PauseMenu.cs using Guid(61d2bbb0146a1e0489f2a87214f027de) Importer(815301076,1909f56bfc062723c751e8b465ee728b)  -> (artifact id: 'c7eb84c0e7d38572eac130af1060f4e9') in 0.006542 seconds 
========================================================================
Received Import Request.
  Time since last request: 0.009299 seconds.
  path: Assets/Envirnoment/tree/Tree03_4.fbx
  artifactKey: Guid(21d438c63bc87bf48882459c4c1f97a3) Importer(815301076,1909f56bfc062723c751e8b465ee728b)
Start importing Assets/Envirnoment/tree/Tree03_4.fbx using Guid(21d438c63bc87bf48882459c4c1f97a3) Importer(815301076,1909f56bfc062723c751e8b465ee728b)  -> (artifact id: 'd98656b871a222a6f775567c677b1ef7') in 0.044757 seconds 
========================================================================
Received Import Request.
  Time since last request: 0.013320 seconds.
  path: Assets/Envirnoment/building/pillar/columnN05.fbx
  artifactKey: Guid(977946477bedbaa4290242c9fd69381e) Importer(815301076,1909f56bfc062723c751e8b465ee728b)
Start importing Assets/Envirnoment/building/pillar/columnN05.fbx using Guid(977946477bedbaa4290242c9fd69381e) Importer(815301076,1909f56bfc062723c751e8b465ee728b)  -> (artifact id: 'fb6b0d39ae65eb0808334aa4d991a7cf') in 0.040337 seconds 
========================================================================
Received Import Request.
  Time since last request: 0.032592 seconds.
  path: Assets/Scenes/Level3/ReflectionProbe-0.exr
  artifactKey: Guid(a369e8d04f9e6f04ca622d38d1e2bdd1) Importer(815301076,1909f56bfc062723c751e8b465ee728b)
Start importing Assets/Scenes/Level3/ReflectionProbe-0.exr using Guid(a369e8d04f9e6f04ca622d38d1e2bdd1) Importer(815301076,1909f56bfc062723c751e8b465ee728b)  -> (artifact id: '27c81a81abab18f5f3fcc28082731fd1') in 0.021132 seconds 
========================================================================
Received Import Request.
  Time since last request: 0.050640 seconds.
  path: Assets/UI/Back.png
  artifactKey: Guid(d5f8cbfaec698a240a2ef8a0f67138e1) Importer(815301076,1909f56bfc062723c751e8b465ee728b)
Start importing Assets/UI/Back.png using Guid(d5f8cbfaec698a240a2ef8a0f67138e1) Importer(815301076,1909f56bfc062723c751e8b465ee728b)  -> (artifact id: '28ae87012011d7b61b53e0fb662c8cac') in 0.130130 seconds 
========================================================================
Received Import Request.
  Time since last request: 0.012751 seconds.
  path: Assets/Animation/GodSeekerIdle.controller
  artifactKey: Guid(819f46dedb2f94b499e067da6d668621) Importer(815301076,1909f56bfc062723c751e8b465ee728b)
Start importing Assets/Animation/GodSeekerIdle.controller using Guid(819f46dedb2f94b499e067da6d668621) Importer(815301076,1909f56bfc062723c751e8b465ee728b)  -> (artifact id: 'e47148ee7a78002dbfaede0637acc5ee') in 0.010946 seconds 
========================================================================
Received Import Request.
  Time since last request: 0.006921 seconds.
  path: Assets/Characters
  artifactKey: Guid(81cb0ed5da602444f8a0aadd7f6fc00e) Importer(815301076,1909f56bfc062723c751e8b465ee728b)
Start importing Assets/Characters using Guid(81cb0ed5da602444f8a0aadd7f6fc00e) Importer(815301076,1909f56bfc062723c751e8b465ee728b)  -> (artifact id: 'f24b5ac30b29c206d4016defb4375baa') in 0.006966 seconds 
========================================================================
Received Import Request.
  Time since last request: 0.027346 seconds.
  path: Assets/Scripts/NextLevel.cs
  artifactKey: Guid(5131f3f649469b446bae1d2a5e89f8c4) Importer(815301076,1909f56bfc062723c751e8b465ee728b)
Start importing Assets/Scripts/NextLevel.cs using Guid(5131f3f649469b446bae1d2a5e89f8c4) Importer(815301076,1909f56bfc062723c751e8b465ee728b)  -> (artifact id: 'db7d93abc9b2f92e89d59366f68eb55b') in 0.007437 seconds 
========================================================================
Received Import Request.
  Time since last request: 0.009257 seconds.
  path: Assets/Materials/LighningMat.mat
  artifactKey: Guid(c24e0c14cff10bd4f992d846be5989d4) Importer(815301076,1909f56bfc062723c751e8b465ee728b)
Start importing Assets/Materials/LighningMat.mat using Guid(c24e0c14cff10bd4f992d846be5989d4) Importer(815301076,1909f56bfc062723c751e8b465ee728b)  -> (artifact id: '9dc265a2a2d72f8b29d94d03f6d3f25d') in 0.062353 seconds 
========================================================================
Received Import Request.
  Time since last request: 0.034857 seconds.
  path: Assets/Characters/God Seeker.fbx
  artifactKey: Guid(4389497c943df114c9dea9bd537179ce) Importer(815301076,1909f56bfc062723c751e8b465ee728b)
Start importing Assets/Characters/God Seeker.fbx using Guid(4389497c943df114c9dea9bd537179ce) Importer(815301076,1909f56bfc062723c751e8b465ee728b)  -> (artifact id: '659188388545c0cecde07e8daff1d201') in 0.061545 seconds 
========================================================================
Received Import Request.
  Time since last request: 0.011851 seconds.
  path: Assets/Envirnoment/rock
  artifactKey: Guid(522e65d3a8c18a947abeb27f77247744) Importer(815301076,1909f56bfc062723c751e8b465ee728b)
Start importing Assets/Envirnoment/rock using Guid(522e65d3a8c18a947abeb27f77247744) Importer(815301076,1909f56bfc062723c751e8b465ee728b)  -> (artifact id: '35b1f4669c6f51027de9ffac62a0ee1a') in 0.006524 seconds 
========================================================================
Received Import Request.
  Time since last request: 0.006812 seconds.
  path: Assets/Envirnoment
  artifactKey: Guid(4386acd33b1bc6e4c80552f419a716bb) Importer(815301076,1909f56bfc062723c751e8b465ee728b)
Start importing Assets/Envirnoment using Guid(4386acd33b1bc6e4c80552f419a716bb) Importer(815301076,1909f56bfc062723c751e8b465ee728b)  -> (artifact id: '9b08ea99c3e9152849eaeda6a953f9a5') in 0.006571 seconds 
========================================================================
Received Import Request.
  Time since last request: 0.009228 seconds.
  path: Assets/Envirnoment/building/pillar/columnN03.fbx
  artifactKey: Guid(73fbfe40a2371a64fa1ac599e57627ac) Importer(815301076,1909f56bfc062723c751e8b465ee728b)
Start importing Assets/Envirnoment/building/pillar/columnN03.fbx using Guid(73fbfe40a2371a64fa1ac599e57627ac) Importer(815301076,1909f56bfc062723c751e8b465ee728b)  -> (artifact id: '457777ed0d9e1d56635173d4672a1598') in 0.038766 seconds 
========================================================================
Received Import Request.
  Time since last request: 0.011467 seconds.
  path: Assets/Envirnoment/building/door
  artifactKey: Guid(6e416612ececa15488038494cfb38a70) Importer(815301076,1909f56bfc062723c751e8b465ee728b)
Start importing Assets/Envirnoment/building/door using Guid(6e416612ececa15488038494cfb38a70) Importer(815301076,1909f56bfc062723c751e8b465ee728b)  -> (artifact id: 'c8c11669011684ee90753fa0ef245c9f') in 0.006478 seconds 
========================================================================
Received Import Request.
  Time since last request: 0.024278 seconds.
  path: Assets/Scripts/Player2Controller.cs
  artifactKey: Guid(c56c2cc70e380dc4db96f01dc0207a66) Importer(815301076,1909f56bfc062723c751e8b465ee728b)
Start importing Assets/Scripts/Player2Controller.cs using Guid(c56c2cc70e380dc4db96f01dc0207a66) Importer(815301076,1909f56bfc062723c751e8b465ee728b)  -> (artifact id: 'eda36546c931a405f4b838b3f2d8f9d0') in 0.006903 seconds 
========================================================================
Received Import Request.
  Time since last request: 0.020691 seconds.
  path: Assets/Animation/UI/Fade_End.anim
  artifactKey: Guid(c037509ee0791984cb90fa9816f0440f) Importer(815301076,1909f56bfc062723c751e8b465ee728b)
Start importing Assets/Animation/UI/Fade_End.anim using Guid(c037509ee0791984cb90fa9816f0440f) Importer(815301076,1909f56bfc062723c751e8b465ee728b)  -> (artifact id: '110859e2daf333a5e28239a0d746080c') in 0.007371 seconds 
========================================================================
Received Import Request.
  Time since last request: 0.015907 seconds.
  path: Assets/Materials/GodSeeker.mat
  artifactKey: Guid(e16fd5e68bf72054c9f5ab07845114d4) Importer(815301076,1909f56bfc062723c751e8b465ee728b)
Start importing Assets/Materials/GodSeeker.mat using Guid(e16fd5e68bf72054c9f5ab07845114d4) Importer(815301076,1909f56bfc062723c751e8b465ee728b)  -> (artifact id: '1287b35fbdce7c12e64e7f0beed962fe') in 0.027816 seconds 
========================================================================
Received Import Request.
  Time since last request: 0.048941 seconds.
  path: Assets/Thaleah_PixelFont/Materials/ThaleahFat.png
  artifactKey: Guid(0ac691dd25a276d468ee89cf1948229d) Importer(815301076,1909f56bfc062723c751e8b465ee728b)
Start importing Assets/Thaleah_PixelFont/Materials/ThaleahFat.png using Guid(0ac691dd25a276d468ee89cf1948229d) Importer(815301076,1909f56bfc062723c751e8b465ee728b)  -> (artifact id: '84e59bfe69d276759ade8b79e089dac9') in 0.015665 seconds 
========================================================================
Received Import Request.
  Time since last request: 0.070184 seconds.
  path: Assets/Materials/Sword.mat
  artifactKey: Guid(ff87bc514b75fed4d9d35dcfacf2ff37) Importer(815301076,1909f56bfc062723c751e8b465ee728b)
Start importing Assets/Materials/Sword.mat using Guid(ff87bc514b75fed4d9d35dcfacf2ff37) Importer(815301076,1909f56bfc062723c751e8b465ee728b)  -> (artifact id: '7e22e3759be76d1291176ad5e2bdda27') in 0.032040 seconds 
========================================================================
Received Import Request.
  Time since last request: 0.029547 seconds.
  path: Assets/Scripts/Cutscene.cs
  artifactKey: Guid(aa6b7c450d6b30b4cbf64f78a30674cb) Importer(815301076,1909f56bfc062723c751e8b465ee728b)
Start importing Assets/Scripts/Cutscene.cs using Guid(aa6b7c450d6b30b4cbf64f78a30674cb) Importer(815301076,1909f56bfc062723c751e8b465ee728b)  -> (artifact id: '38fe7e77cd8219b6bf5ab3f5fc6cdb98') in 0.006673 seconds 
========================================================================
Received Import Request.
  Time since last request: 0.009952 seconds.
  path: Assets/Envirnoment/tree/Tree03_3.fbx
  artifactKey: Guid(d04b0376f778ec74191e95b0026ea221) Importer(815301076,1909f56bfc062723c751e8b465ee728b)
Start importing Assets/Envirnoment/tree/Tree03_3.fbx using Guid(d04b0376f778ec74191e95b0026ea221) Importer(815301076,1909f56bfc062723c751e8b465ee728b)  -> (artifact id: 'a9a9e62cc25b6d46d6db651149a37cb1') in 0.046845 seconds 
========================================================================
Received Import Request.
  Time since last request: 0.031953 seconds.
  path: Assets/Scripts/Ragdoll.cs
  artifactKey: Guid(18dde77c2e60ddd409698a3d3440adc3) Importer(815301076,1909f56bfc062723c751e8b465ee728b)
Start importing Assets/Scripts/Ragdoll.cs using Guid(18dde77c2e60ddd409698a3d3440adc3) Importer(815301076,1909f56bfc062723c751e8b465ee728b)  -> (artifact id: '86e36748cf1ba7e0b5a42d48f1fc2153') in 0.007434 seconds 
========================================================================
Received Import Request.
  Time since last request: 0.013326 seconds.
  path: Assets/Scenes/Level3
  artifactKey: Guid(ab92ae1bec3b73546af1ad3de1737de8) Importer(815301076,1909f56bfc062723c751e8b465ee728b)
Start importing Assets/Scenes/Level3 using Guid(ab92ae1bec3b73546af1ad3de1737de8) Importer(815301076,1909f56bfc062723c751e8b465ee728b)  -> (artifact id: 'e6b08f426e25245acfef3c69b1c3f7ca') in 0.006899 seconds 
========================================================================
Received Import Request.
  Time since last request: 0.042867 seconds.
  path: Assets/Animation/UI/BossHpFadeOut.anim
  artifactKey: Guid(f9ce9c617d9084e438fc27078f9b2020) Importer(815301076,1909f56bfc062723c751e8b465ee728b)
Start importing Assets/Animation/UI/BossHpFadeOut.anim using Guid(f9ce9c617d9084e438fc27078f9b2020) Importer(815301076,1909f56bfc062723c751e8b465ee728b)  -> (artifact id: 'fdcc2740839025638aa8b47fd3706a1a') in 0.007984 seconds 
========================================================================
Received Import Request.
  Time since last request: 0.008743 seconds.
  path: Assets/Characters/God Seeker.fbm/GodSeeker.png
  artifactKey: Guid(65cacd97664b2bb45be8c1690b12cad7) Importer(815301076,1909f56bfc062723c751e8b465ee728b)
Start importing Assets/Characters/God Seeker.fbm/GodSeeker.png using Guid(65cacd97664b2bb45be8c1690b12cad7) Importer(815301076,1909f56bfc062723c751e8b465ee728b)  -> (artifact id: 'f30ad2c044f6c0745af2875a3c1daca2') in 0.017647 seconds 
========================================================================
Received Import Request.
  Time since last request: 0.012953 seconds.
  path: Assets/Materials/Damaged.mat
  artifactKey: Guid(dfc75f3d2e6087246862f5c4420a9a7a) Importer(815301076,1909f56bfc062723c751e8b465ee728b)
Start importing Assets/Materials/Damaged.mat using Guid(dfc75f3d2e6087246862f5c4420a9a7a) Importer(815301076,1909f56bfc062723c751e8b465ee728b)  -> (artifact id: '1c8b4dc607420cbf3d5144b17b520523') in 0.017972 seconds 
========================================================================
Received Import Request.
  Time since last request: 0.028370 seconds.
  path: Assets/Scenes/Level3.unity
  artifactKey: Guid(d7aaa0780d64b154185ff519800777d5) Importer(815301076,1909f56bfc062723c751e8b465ee728b)
Start importing Assets/Scenes/Level3.unity using Guid(d7aaa0780d64b154185ff519800777d5) Importer(815301076,1909f56bfc062723c751e8b465ee728b)  -> (artifact id: 'ff0933fb6024068fc3665393c306f07d') in 0.007196 seconds 
========================================================================
Received Import Request.
  Time since last request: 0.009163 seconds.
  path: Assets/UI/option.png
  artifactKey: Guid(6562aa1112573c5429fbe4b15b8d8e2d) Importer(815301076,1909f56bfc062723c751e8b465ee728b)
Start importing Assets/UI/option.png using Guid(6562aa1112573c5429fbe4b15b8d8e2d) Importer(815301076,1909f56bfc062723c751e8b465ee728b)  -> (artifact id: '6b8f594d733408bd0ca704a7c1fc02ec') in 0.123696 seconds 
========================================================================
Received Import Request.
  Time since last request: 0.050252 seconds.
  path: Assets/Materials/Dragon.mat
  artifactKey: Guid(85663943e5257e946916754388a0ea8e) Importer(815301076,1909f56bfc062723c751e8b465ee728b)
Start importing Assets/Materials/Dragon.mat using Guid(85663943e5257e946916754388a0ea8e) Importer(815301076,1909f56bfc062723c751e8b465ee728b)  -> (artifact id: '5b7f7a1de3d2c9a74616fd26692b4ee0') in 0.018361 seconds 
========================================================================
Received Import Request.
  Time since last request: 0.017326 seconds.
  path: Assets/Scenes/Level1/LightingData.asset
  artifactKey: Guid(2eef678788353414b90d4d0acaf41e73) Importer(815301076,1909f56bfc062723c751e8b465ee728b)
Start importing Assets/Scenes/Level1/LightingData.asset using Guid(2eef678788353414b90d4d0acaf41e73) Importer(815301076,1909f56bfc062723c751e8b465ee728b)  -> (artifact id: 'afe44044f4d69f2d07146af62d23abca') in 0.007541 seconds 
========================================================================
Received Import Request.
  Time since last request: 0.017717 seconds.
  path: Assets/Scripts/Enemylaser.cs
  artifactKey: Guid(d0886533c51270342b5fdf461c61a0aa) Importer(815301076,1909f56bfc062723c751e8b465ee728b)
Start importing Assets/Scripts/Enemylaser.cs using Guid(d0886533c51270342b5fdf461c61a0aa) Importer(815301076,1909f56bfc062723c751e8b465ee728b)  -> (artifact id: '48479237cab1c685af7db803902808eb') in 0.006877 seconds 
========================================================================
Received Import Request.
  Time since last request: 0.033649 seconds.
  path: Assets/Scripts/HP.cs
  artifactKey: Guid(9734411dabc3f7f4abc2fa42b5c3c02f) Importer(815301076,1909f56bfc062723c751e8b465ee728b)
Start importing Assets/Scripts/HP.cs using Guid(9734411dabc3f7f4abc2fa42b5c3c02f) Importer(815301076,1909f56bfc062723c751e8b465ee728b)  -> (artifact id: '83f56e0b3272d49cb3be9bc2a5d36490') in 0.006535 seconds 
========================================================================
Received Import Request.
  Time since last request: 0.032591 seconds.
  path: Assets/Scenes/Level1/ReflectionProbe-0.exr
  artifactKey: Guid(40bf729e8a12db24cb383c9b546a84ea) Importer(815301076,1909f56bfc062723c751e8b465ee728b)
Start importing Assets/Scenes/Level1/ReflectionProbe-0.exr using Guid(40bf729e8a12db24cb383c9b546a84ea) Importer(815301076,1909f56bfc062723c751e8b465ee728b)  -> (artifact id: '3a9f0d8e5db7bace7719338caf2485d7') in 0.022536 seconds 
========================================================================
Received Import Request.
  Time since last request: 0.012762 seconds.
  path: Assets/Animation/UI/BossHpFadIn.anim
  artifactKey: Guid(9ec8774f0d2a47a42a40ba027a6609f5) Importer(815301076,1909f56bfc062723c751e8b465ee728b)
Start importing Assets/Animation/UI/BossHpFadIn.anim using Guid(9ec8774f0d2a47a42a40ba027a6609f5) Importer(815301076,1909f56bfc062723c751e8b465ee728b)  -> (artifact id: '2d536940621d31d248bac53cdf143100') in 0.007874 seconds 
========================================================================
Received Import Request.
  Time since last request: 0.035488 seconds.
  path: Assets/Thaleah_PixelFont
  artifactKey: Guid(b5b38e6e9a742034885a5b60e51799ec) Importer(815301076,1909f56bfc062723c751e8b465ee728b)
Start importing Assets/Thaleah_PixelFont using Guid(b5b38e6e9a742034885a5b60e51799ec) Importer(815301076,1909f56bfc062723c751e8b465ee728b)  -> (artifact id: 'c24cfe9c3cc9f3f1e87458ed8321155f') in 0.006997 seconds 
========================================================================
Received Import Request.
  Time since last request: 0.008366 seconds.
  path: Assets/Materials/Ground.mat
  artifactKey: Guid(448e98f74c750f847a1c0ab03061be4b) Importer(815301076,1909f56bfc062723c751e8b465ee728b)
Start importing Assets/Materials/Ground.mat using Guid(448e98f74c750f847a1c0ab03061be4b) Importer(815301076,1909f56bfc062723c751e8b465ee728b)  -> (artifact id: 'f3451b100cf12a738b81ae8c84af086d') in 0.017268 seconds 
========================================================================
Received Import Request.
  Time since last request: 0.013014 seconds.
  path: Assets/Materials/Ult.png
  artifactKey: Guid(1d467de5147782f40b2ee781dcf0c2c6) Importer(815301076,1909f56bfc062723c751e8b465ee728b)
Start importing Assets/Materials/Ult.png using Guid(1d467de5147782f40b2ee781dcf0c2c6) Importer(815301076,1909f56bfc062723c751e8b465ee728b)  -> (artifact id: 'bcc7026b180439b78738d2fae4bd2496') in 0.027773 seconds 
========================================================================
Received Import Request.
  Time since last request: 0.016686 seconds.
  path: Assets/Scenes/WinCutScene
  artifactKey: Guid(f5a17648c29d49a45b7e147ae63b0b1f) Importer(815301076,1909f56bfc062723c751e8b465ee728b)
Start importing Assets/Scenes/WinCutScene using Guid(f5a17648c29d49a45b7e147ae63b0b1f) Importer(815301076,1909f56bfc062723c751e8b465ee728b)  -> (artifact id: '2c13c7852d4fe82c1ed650c564ded7f0') in 0.007400 seconds 
========================================================================
Received Import Request.
  Time since last request: 0.012880 seconds.
  path: Assets/Thaleah_PixelFont/Materials/ThaleahFat.mat
  artifactKey: Guid(43d59b5c638b0664db55f3a4e4d130ef) Importer(815301076,1909f56bfc062723c751e8b465ee728b)
Start importing Assets/Thaleah_PixelFont/Materials/ThaleahFat.mat using Guid(43d59b5c638b0664db55f3a4e4d130ef) Importer(815301076,1909f56bfc062723c751e8b465ee728b)  -> (artifact id: 'ac86ef62e8cbdf879a859c3f34a8c132') in 0.013478 seconds 
========================================================================
Received Import Request.
  Time since last request: 0.031699 seconds.
  path: Assets/Scripts/LighningBall.cs
  artifactKey: Guid(42a12364a13afef4c8bb3fe00ddd7dbb) Importer(815301076,1909f56bfc062723c751e8b465ee728b)
Start importing Assets/Scripts/LighningBall.cs using Guid(42a12364a13afef4c8bb3fe00ddd7dbb) Importer(815301076,1909f56bfc062723c751e8b465ee728b)  -> (artifact id: '8d341241ef7e9c592ed2349e732121d1') in 0.006663 seconds 
========================================================================
Received Import Request.
  Time since last request: 0.008270 seconds.
  path: Assets/Animation/EndCutScene.anim
  artifactKey: Guid(19f39adc0c0a7d544b41a9d556210729) Importer(815301076,1909f56bfc062723c751e8b465ee728b)
Start importing Assets/Animation/EndCutScene.anim using Guid(19f39adc0c0a7d544b41a9d556210729) Importer(815301076,1909f56bfc062723c751e8b465ee728b)  -> (artifact id: '8e5cf2ad13878463747500a3715f4d57') in 0.007744 seconds 
========================================================================
Received Import Request.
  Time since last request: 0.008811 seconds.
  path: Assets/Materials/Lighning.png
  artifactKey: Guid(89db157d6938c8049afa39bb9051b3b8) Importer(815301076,1909f56bfc062723c751e8b465ee728b)
Start importing Assets/Materials/Lighning.png using Guid(89db157d6938c8049afa39bb9051b3b8) Importer(815301076,1909f56bfc062723c751e8b465ee728b)  -> (artifact id: 'caa39b2896d1b41978d5b5c11cb714dd') in 0.019522 seconds 
========================================================================
Received Import Request.
  Time since last request: 0.012755 seconds.
  path: Assets/Animation/UI/Fade.controller
  artifactKey: Guid(b4312320b85ec7942a2d2856bdf42bdc) Importer(815301076,1909f56bfc062723c751e8b465ee728b)
Start importing Assets/Animation/UI/Fade.controller using Guid(b4312320b85ec7942a2d2856bdf42bdc) Importer(815301076,1909f56bfc062723c751e8b465ee728b)  -> (artifact id: '962eaf15d8576eddc8be696a93fc1768') in 0.008953 seconds 
========================================================================
Received Import Request.
  Time since last request: 0.013498 seconds.
  path: Assets/Scenes/WinCutScene/New Lighting Settings.lighting
  artifactKey: Guid(739067fbc92651c4295fe4608d133180) Importer(815301076,1909f56bfc062723c751e8b465ee728b)
Start importing Assets/Scenes/WinCutScene/New Lighting Settings.lighting using Guid(739067fbc92651c4295fe4608d133180) Importer(815301076,1909f56bfc062723c751e8b465ee728b)  -> (artifact id: 'cc114c33cbddfc3f10a92502c2e48673') in 0.003334 seconds 
========================================================================
Received Import Request.
  Time since last request: 0.008248 seconds.
  path: Assets/Animation/UI/Fade_Start.anim
  artifactKey: Guid(497d95828bb655743bf3b087b6087bb5) Importer(815301076,1909f56bfc062723c751e8b465ee728b)
Start importing Assets/Animation/UI/Fade_Start.anim using Guid(497d95828bb655743bf3b087b6087bb5) Importer(815301076,1909f56bfc062723c751e8b465ee728b)  -> (artifact id: '4bc1ae385e16ccb0300429dc60bea9a8') in 0.007423 seconds 
========================================================================
Received Import Request.
  Time since last request: 0.057105 seconds.
  path: Assets/Scenes/Level3/New Lighting Settings.lighting
  artifactKey: Guid(50fdb382d22abfb40af8caf816b43b1c) Importer(815301076,1909f56bfc062723c751e8b465ee728b)
Start importing Assets/Scenes/Level3/New Lighting Settings.lighting using Guid(50fdb382d22abfb40af8caf816b43b1c) Importer(815301076,1909f56bfc062723c751e8b465ee728b)  -> (artifact id: '6d00a0c67ef71a50a1e40b5b2f221efc') in 0.003745 seconds 
========================================================================
Received Import Request.
  Time since last request: 0.034365 seconds.
  path: Assets/UI/gamestart.png
  artifactKey: Guid(ac1ed7fc2474c3a4096b3fcd7c651eda) Importer(815301076,1909f56bfc062723c751e8b465ee728b)
Start importing Assets/UI/gamestart.png using Guid(ac1ed7fc2474c3a4096b3fcd7c651eda) Importer(815301076,1909f56bfc062723c751e8b465ee728b)  -> (artifact id: '306dc45207aeff497ecd28a889600da8') in 0.143431 seconds 
========================================================================
Received Import Request.
  Time since last request: 0.012613 seconds.
  path: Assets/Animation/UI
  artifactKey: Guid(ace3aae65850db040b5faddf76bbd6ff) Importer(815301076,1909f56bfc062723c751e8b465ee728b)
Start importing Assets/Animation/UI using Guid(ace3aae65850db040b5faddf76bbd6ff) Importer(815301076,1909f56bfc062723c751e8b465ee728b)  -> (artifact id: '2df27901aaec07f4b460c757042ae34c') in 0.006753 seconds 
========================================================================
Received Import Request.
  Time since last request: 0.012239 seconds.
  path: Assets/UI
  artifactKey: Guid(9a7cfac82901af6438c303f228e0605b) Importer(815301076,1909f56bfc062723c751e8b465ee728b)
Start importing Assets/UI using Guid(9a7cfac82901af6438c303f228e0605b) Importer(815301076,1909f56bfc062723c751e8b465ee728b)  -> (artifact id: 'ed89bdddd904a89c8a37f80c62add651') in 0.003031 seconds 
========================================================================
Received Import Request.
  Time since last request: 0.008188 seconds.
  path: Assets/Materials/Underground.mat
  artifactKey: Guid(9297a7400947abd4ab7bf33b4061bb16) Importer(815301076,1909f56bfc062723c751e8b465ee728b)
Start importing Assets/Materials/Underground.mat using Guid(9297a7400947abd4ab7bf33b4061bb16) Importer(815301076,1909f56bfc062723c751e8b465ee728b)  -> (artifact id: 'f010efb01d493d2d143681b1b30c4831') in 0.017890 seconds 
========================================================================
Received Import Request.
  Time since last request: 0.018701 seconds.
  path: Assets/Scenes/Mainmenu/LightingData.asset
  artifactKey: Guid(ae7755a353a07044e82edc78b18d9220) Importer(815301076,1909f56bfc062723c751e8b465ee728b)
Start importing Assets/Scenes/Mainmenu/LightingData.asset using Guid(ae7755a353a07044e82edc78b18d9220) Importer(815301076,1909f56bfc062723c751e8b465ee728b)  -> (artifact id: '4deaba78b5eafdda93efa7d1ee4cf723') in 0.003400 seconds 
========================================================================
Received Import Request.
  Time since last request: 0.008187 seconds.
  path: Assets/Envirnoment/building/pillar/column2.fbx
  artifactKey: Guid(2e929780de1826749ba9bb9a93830065) Importer(815301076,1909f56bfc062723c751e8b465ee728b)
Start importing Assets/Envirnoment/building/pillar/column2.fbx using Guid(2e929780de1826749ba9bb9a93830065) Importer(815301076,1909f56bfc062723c751e8b465ee728b)  -> (artifact id: '305db29462bd0768d0036a34c2203e7f') in 0.039371 seconds 
========================================================================
Received Import Request.
  Time since last request: 0.080000 seconds.
  path: Assets/Scripts/Drone.cs
  artifactKey: Guid(c86675802f601a640b9d1b9e0164cab7) Importer(815301076,1909f56bfc062723c751e8b465ee728b)
Start importing Assets/Scripts/Drone.cs using Guid(c86675802f601a640b9d1b9e0164cab7) Importer(815301076,1909f56bfc062723c751e8b465ee728b)  -> (artifact id: 'cb6b96c7057c840e83639ea2d0b9d846') in 0.006767 seconds 
========================================================================
Received Import Request.
  Time since last request: 0.017197 seconds.
  path: Assets/Scripts/Lightning.cs
  artifactKey: Guid(8d98ceb6d2839d142afec41850d13ea7) Importer(815301076,1909f56bfc062723c751e8b465ee728b)
Start importing Assets/Scripts/Lightning.cs using Guid(8d98ceb6d2839d142afec41850d13ea7) Importer(815301076,1909f56bfc062723c751e8b465ee728b)  -> (artifact id: 'b74bd39c607dba9e94856a87e812513a') in 0.006679 seconds 
========================================================================
Received Import Request.
  Time since last request: 0.009130 seconds.
  path: Assets/UI/resume.png
  artifactKey: Guid(9dd394b4d4698a146ac2f0bc96aaaca4) Importer(815301076,1909f56bfc062723c751e8b465ee728b)
Start importing Assets/UI/resume.png using Guid(9dd394b4d4698a146ac2f0bc96aaaca4) Importer(815301076,1909f56bfc062723c751e8b465ee728b)  -> (artifact id: '05947c3333f6477fea2c21ec7df7284e') in 0.100136 seconds 
========================================================================
Received Import Request.
  Time since last request: 0.019051 seconds.
  path: Assets/Scenes/Level3/NavMesh.asset
  artifactKey: Guid(7f5998112a2a85749bfc6c6d74778504) Importer(815301076,1909f56bfc062723c751e8b465ee728b)
Start importing Assets/Scenes/Level3/NavMesh.asset using Guid(7f5998112a2a85749bfc6c6d74778504) Importer(815301076,1909f56bfc062723c751e8b465ee728b)  -> (artifact id: '59ae15eaea41b1f2e52f53ebce4c4016') in 0.007288 seconds 
========================================================================
Received Import Request.
  Time since last request: 0.030448 seconds.
  path: Assets/Thaleah_PixelFont/Materials
  artifactKey: Guid(5bbfc5203b36a9040838fe59081d4888) Importer(815301076,1909f56bfc062723c751e8b465ee728b)
Start importing Assets/Thaleah_PixelFont/Materials using Guid(5bbfc5203b36a9040838fe59081d4888) Importer(815301076,1909f56bfc062723c751e8b465ee728b)  -> (artifact id: '538d78975745528852c44151d964bc4b') in 0.003481 seconds 
========================================================================
Received Import Request.
  Time since last request: 0.042576 seconds.
  path: Assets/Envirnoment/building/pillar/columnN01.fbx
  artifactKey: Guid(e7a37d0934d9f3d47ae541b2e9f263e1) Importer(815301076,1909f56bfc062723c751e8b465ee728b)
Start importing Assets/Envirnoment/building/pillar/columnN01.fbx using Guid(e7a37d0934d9f3d47ae541b2e9f263e1) Importer(815301076,1909f56bfc062723c751e8b465ee728b)  -> (artifact id: '1e8c25830114ef4c27d9fb9fed31b39f') in 0.027680 seconds 
========================================================================
Received Import Request.
  Time since last request: 0.011766 seconds.
  path: Assets/Envirnoment/building/bri
  artifactKey: Guid(5f97cf1a476b802408e6f095b687e978) Importer(815301076,1909f56bfc062723c751e8b465ee728b)
Start importing Assets/Envirnoment/building/bri using Guid(5f97cf1a476b802408e6f095b687e978) Importer(815301076,1909f56bfc062723c751e8b465ee728b)  -> (artifact id: '15bd5d5150615a64ce156e2d3c1c0c42') in 0.006430 seconds 
========================================================================
Received Import Request.
  Time since last request: 0.043343 seconds.
  path: Assets/Scripts/CameraController.cs
  artifactKey: Guid(3bc011bce8f6ef24ea13f46ae2720ad0) Importer(815301076,1909f56bfc062723c751e8b465ee728b)
Start importing Assets/Scripts/CameraController.cs using Guid(3bc011bce8f6ef24ea13f46ae2720ad0) Importer(815301076,1909f56bfc062723c751e8b465ee728b)  -> (artifact id: '8a132e1d007aa750160f49e3dc989ea7') in 0.007029 seconds 
========================================================================
Received Import Request.
  Time since last request: 0.008100 seconds.
  path: Assets/Animation/NormalSky.anim
  artifactKey: Guid(711954e18650b1a45a2b0cc756b05ebd) Importer(815301076,1909f56bfc062723c751e8b465ee728b)
Start importing Assets/Animation/NormalSky.anim using Guid(711954e18650b1a45a2b0cc756b05ebd) Importer(815301076,1909f56bfc062723c751e8b465ee728b)  -> (artifact id: 'cf95eb406b15323d7b024665a4e3c80f') in 0.007108 seconds 
========================================================================
Received Import Request.
  Time since last request: 0.112420 seconds.
  path: Assets/Scenes/Level1/NavMesh.asset
  artifactKey: Guid(4b64d24de5418d74ca4a1695253aa416) Importer(815301076,1909f56bfc062723c751e8b465ee728b)
Start importing Assets/Scenes/Level1/NavMesh.asset using Guid(4b64d24de5418d74ca4a1695253aa416) Importer(815301076,1909f56bfc062723c751e8b465ee728b)  -> (artifact id: '24160bdfbec8b220b78bff3a749740ae') in 0.003645 seconds 
========================================================================
Received Import Request.
  Time since last request: 0.019225 seconds.
  path: Assets/Scenes/WinCutScene/ReflectionProbe-0.exr
  artifactKey: Guid(aebc448f995ad3540a2f9d8e87b7a839) Importer(815301076,1909f56bfc062723c751e8b465ee728b)
Start importing Assets/Scenes/WinCutScene/ReflectionProbe-0.exr using Guid(aebc448f995ad3540a2f9d8e87b7a839) Importer(815301076,1909f56bfc062723c751e8b465ee728b)  -> (artifact id: '4554a863ed17e140764a6490a9bfaf1c') in 0.026098 seconds 
========================================================================
Received Import Request.
  Time since last request: 0.088898 seconds.
  path: Assets/Characters/Dragon_2c.fbx
  artifactKey: Guid(681f488b5bf134a48bdac036f8c0aa00) Importer(815301076,1909f56bfc062723c751e8b465ee728b)
Start importing Assets/Characters/Dragon_2c.fbx using Guid(681f488b5bf134a48bdac036f8c0aa00) Importer(815301076,1909f56bfc062723c751e8b465ee728b)  -> (artifact id: '7c6c6ed8c2883ae19b416affa47086f2') in 0.087797 seconds 
========================================================================
Received Import Request.
  Time since last request: 0.012668 seconds.
  path: Assets/Envirnoment/building/pillar/column.fbx
  artifactKey: Guid(72265fed3e41008428ba7f7cdd4a6853) Importer(815301076,1909f56bfc062723c751e8b465ee728b)
Start importing Assets/Envirnoment/building/pillar/column.fbx using Guid(72265fed3e41008428ba7f7cdd4a6853) Importer(815301076,1909f56bfc062723c751e8b465ee728b)  -> (artifact id: 'dc6451547dca0ff9c77edc4c39732bca') in 0.027505 seconds 
========================================================================
Received Import Request.
  Time since last request: 0.042482 seconds.
  path: Assets/Envirnoment/tree
  artifactKey: Guid(f9701c7cdce1b66408e452c7712dd8b1) Importer(815301076,1909f56bfc062723c751e8b465ee728b)
Start importing Assets/Envirnoment/tree using Guid(f9701c7cdce1b66408e452c7712dd8b1) Importer(815301076,1909f56bfc062723c751e8b465ee728b)  -> (artifact id: 'e9bc934a80f34f0795eeaa07242e0eb7') in 0.007703 seconds 
AssetImportWorkerClient::OnTransportError - code=2 error=End of file
